2023-06-06 23:21:54,947 INFO  - Checking for migrations (HiveMQ version 2023.3).
2023-06-06 23:21:54,948 INFO  - Skipping migration because no persistence folder is present.
2023-06-06 23:21:54,948 INFO  - Checking for value migrations (HiveMQ version 2023.3).
2023-06-06 23:21:54,948 INFO  - Skipping migration because no persistence folder is present.
2023-06-06 23:21:56,004 INFO  - Write metadata file: MetaInformation{hivemqVersion='2023.3', clientSessionPersistenceVersion='040000', queuedMessagesPersistenceVersion='040500', subscriptionPersistenceVersion='040000', retainedMessagesPersistenceVersion='040500_R', publishPayloadPersistenceVersion='040500_R', retainedMessagesPersistenceType='FILE_NATIVE', publishPayloadPersistenceType='FILE_NATIVE'}
2023-06-06 23:21:56,011 INFO  - Finished migration.
2023-06-15 13:57:17,112 INFO  - Checking for migrations (HiveMQ version 2023.3).
2023-06-15 13:57:17,118 INFO  - Read metadata file: MetaInformation{hivemqVersion='2023.3', clientSessionPersistenceVersion='040000', queuedMessagesPersistenceVersion='040500', subscriptionPersistenceVersion='040000', retainedMessagesPersistenceVersion='040500_R', publishPayloadPersistenceVersion='040500_R', retainedMessagesPersistenceType='FILE_NATIVE', publishPayloadPersistenceType='FILE_NATIVE'}
2023-06-15 13:57:17,134 INFO  - Nothing to migrate found.
2023-06-15 13:57:17,134 INFO  - Checking for value migrations (HiveMQ version 2023.3).
2023-06-15 13:57:17,135 INFO  - Read metadata file: MetaInformation{hivemqVersion='2023.3', clientSessionPersistenceVersion='040000', queuedMessagesPersistenceVersion='040500', subscriptionPersistenceVersion='040000', retainedMessagesPersistenceVersion='040500_R', publishPayloadPersistenceVersion='040500_R', retainedMessagesPersistenceType='FILE_NATIVE', publishPayloadPersistenceType='FILE_NATIVE'}
2023-06-15 13:57:17,135 INFO  - Nothing to migrate found.
2023-06-15 13:57:18,360 INFO  - Read metadata file: MetaInformation{hivemqVersion='2023.3', clientSessionPersistenceVersion='040000', queuedMessagesPersistenceVersion='040500', subscriptionPersistenceVersion='040000', retainedMessagesPersistenceVersion='040500_R', publishPayloadPersistenceVersion='040500_R', retainedMessagesPersistenceType='FILE_NATIVE', publishPayloadPersistenceType='FILE_NATIVE'}
2023-06-15 13:57:18,361 INFO  - Write metadata file: MetaInformation{hivemqVersion='2023.3', clientSessionPersistenceVersion='040000', queuedMessagesPersistenceVersion='040500', subscriptionPersistenceVersion='040000', retainedMessagesPersistenceVersion='040500_R', publishPayloadPersistenceVersion='040500_R', retainedMessagesPersistenceType='FILE_NATIVE', publishPayloadPersistenceType='FILE_NATIVE'}
2023-06-15 13:57:18,361 INFO  - Finished migration.
2023-06-15 14:06:21,390 INFO  - Checking for migrations (HiveMQ version 2023.3).
2023-06-15 14:06:21,393 INFO  - Read metadata file: MetaInformation{hivemqVersion='2023.3', clientSessionPersistenceVersion='040000', queuedMessagesPersistenceVersion='040500', subscriptionPersistenceVersion='040000', retainedMessagesPersistenceVersion='040500_R', publishPayloadPersistenceVersion='040500_R', retainedMessagesPersistenceType='FILE_NATIVE', publishPayloadPersistenceType='FILE_NATIVE'}
2023-06-15 14:06:21,407 INFO  - Nothing to migrate found.
2023-06-15 14:06:21,407 INFO  - Checking for value migrations (HiveMQ version 2023.3).
2023-06-15 14:06:21,407 INFO  - Read metadata file: MetaInformation{hivemqVersion='2023.3', clientSessionPersistenceVersion='040000', queuedMessagesPersistenceVersion='040500', subscriptionPersistenceVersion='040000', retainedMessagesPersistenceVersion='040500_R', publishPayloadPersistenceVersion='040500_R', retainedMessagesPersistenceType='FILE_NATIVE', publishPayloadPersistenceType='FILE_NATIVE'}
2023-06-15 14:06:21,408 INFO  - Nothing to migrate found.
2023-06-15 14:06:22,707 INFO  - Read metadata file: MetaInformation{hivemqVersion='2023.3', clientSessionPersistenceVersion='040000', queuedMessagesPersistenceVersion='040500', subscriptionPersistenceVersion='040000', retainedMessagesPersistenceVersion='040500_R', publishPayloadPersistenceVersion='040500_R', retainedMessagesPersistenceType='FILE_NATIVE', publishPayloadPersistenceType='FILE_NATIVE'}
2023-06-15 14:06:22,707 INFO  - Write metadata file: MetaInformation{hivemqVersion='2023.3', clientSessionPersistenceVersion='040000', queuedMessagesPersistenceVersion='040500', subscriptionPersistenceVersion='040000', retainedMessagesPersistenceVersion='040500_R', publishPayloadPersistenceVersion='040500_R', retainedMessagesPersistenceType='FILE_NATIVE', publishPayloadPersistenceType='FILE_NATIVE'}
2023-06-15 14:06:22,708 INFO  - Finished migration.
2023-06-19 13:01:54,423 INFO  - Checking for migrations (HiveMQ version 2023.3).
2023-06-19 13:01:54,427 INFO  - Read metadata file: MetaInformation{hivemqVersion='2023.3', clientSessionPersistenceVersion='040000', queuedMessagesPersistenceVersion='040500', subscriptionPersistenceVersion='040000', retainedMessagesPersistenceVersion='040500_R', publishPayloadPersistenceVersion='040500_R', retainedMessagesPersistenceType='FILE_NATIVE', publishPayloadPersistenceType='FILE_NATIVE'}
2023-06-19 13:01:54,453 INFO  - Nothing to migrate found.
2023-06-19 13:01:54,453 INFO  - Checking for value migrations (HiveMQ version 2023.3).
2023-06-19 13:01:54,454 INFO  - Read metadata file: MetaInformation{hivemqVersion='2023.3', clientSessionPersistenceVersion='040000', queuedMessagesPersistenceVersion='040500', subscriptionPersistenceVersion='040000', retainedMessagesPersistenceVersion='040500_R', publishPayloadPersistenceVersion='040500_R', retainedMessagesPersistenceType='FILE_NATIVE', publishPayloadPersistenceType='FILE_NATIVE'}
2023-06-19 13:01:54,454 INFO  - Nothing to migrate found.
2023-06-19 13:01:55,848 INFO  - Read metadata file: MetaInformation{hivemqVersion='2023.3', clientSessionPersistenceVersion='040000', queuedMessagesPersistenceVersion='040500', subscriptionPersistenceVersion='040000', retainedMessagesPersistenceVersion='040500_R', publishPayloadPersistenceVersion='040500_R', retainedMessagesPersistenceType='FILE_NATIVE', publishPayloadPersistenceType='FILE_NATIVE'}
2023-06-19 13:01:55,848 INFO  - Write metadata file: MetaInformation{hivemqVersion='2023.3', clientSessionPersistenceVersion='040000', queuedMessagesPersistenceVersion='040500', subscriptionPersistenceVersion='040000', retainedMessagesPersistenceVersion='040500_R', publishPayloadPersistenceVersion='040500_R', retainedMessagesPersistenceType='FILE_NATIVE', publishPayloadPersistenceType='FILE_NATIVE'}
2023-06-19 13:01:55,849 INFO  - Finished migration.
2023-06-19 13:04:58,963 INFO  - Checking for migrations (HiveMQ version 2023.3).
2023-06-19 13:04:58,967 INFO  - Read metadata file: MetaInformation{hivemqVersion='2023.3', clientSessionPersistenceVersion='040000', queuedMessagesPersistenceVersion='040500', subscriptionPersistenceVersion='040000', retainedMessagesPersistenceVersion='040500_R', publishPayloadPersistenceVersion='040500_R', retainedMessagesPersistenceType='FILE_NATIVE', publishPayloadPersistenceType='FILE_NATIVE'}
2023-06-19 13:04:58,987 INFO  - Nothing to migrate found.
2023-06-19 13:04:58,987 INFO  - Checking for value migrations (HiveMQ version 2023.3).
2023-06-19 13:04:58,988 INFO  - Read metadata file: MetaInformation{hivemqVersion='2023.3', clientSessionPersistenceVersion='040000', queuedMessagesPersistenceVersion='040500', subscriptionPersistenceVersion='040000', retainedMessagesPersistenceVersion='040500_R', publishPayloadPersistenceVersion='040500_R', retainedMessagesPersistenceType='FILE_NATIVE', publishPayloadPersistenceType='FILE_NATIVE'}
2023-06-19 13:04:58,988 INFO  - Nothing to migrate found.
2023-06-19 13:05:00,341 INFO  - Read metadata file: MetaInformation{hivemqVersion='2023.3', clientSessionPersistenceVersion='040000', queuedMessagesPersistenceVersion='040500', subscriptionPersistenceVersion='040000', retainedMessagesPersistenceVersion='040500_R', publishPayloadPersistenceVersion='040500_R', retainedMessagesPersistenceType='FILE_NATIVE', publishPayloadPersistenceType='FILE_NATIVE'}
2023-06-19 13:05:00,342 INFO  - Write metadata file: MetaInformation{hivemqVersion='2023.3', clientSessionPersistenceVersion='040000', queuedMessagesPersistenceVersion='040500', subscriptionPersistenceVersion='040000', retainedMessagesPersistenceVersion='040500_R', publishPayloadPersistenceVersion='040500_R', retainedMessagesPersistenceType='FILE_NATIVE', publishPayloadPersistenceType='FILE_NATIVE'}
2023-06-19 13:05:00,342 INFO  - Finished migration.
2023-06-19 13:09:11,438 INFO  - Checking for migrations (HiveMQ version 2023.3).
2023-06-19 13:09:11,443 INFO  - Read metadata file: MetaInformation{hivemqVersion='2023.3', clientSessionPersistenceVersion='040000', queuedMessagesPersistenceVersion='040500', subscriptionPersistenceVersion='040000', retainedMessagesPersistenceVersion='040500_R', publishPayloadPersistenceVersion='040500_R', retainedMessagesPersistenceType='FILE_NATIVE', publishPayloadPersistenceType='FILE_NATIVE'}
2023-06-19 13:09:11,465 INFO  - Nothing to migrate found.
2023-06-19 13:09:11,466 INFO  - Checking for value migrations (HiveMQ version 2023.3).
2023-06-19 13:09:11,466 INFO  - Read metadata file: MetaInformation{hivemqVersion='2023.3', clientSessionPersistenceVersion='040000', queuedMessagesPersistenceVersion='040500', subscriptionPersistenceVersion='040000', retainedMessagesPersistenceVersion='040500_R', publishPayloadPersistenceVersion='040500_R', retainedMessagesPersistenceType='FILE_NATIVE', publishPayloadPersistenceType='FILE_NATIVE'}
2023-06-19 13:09:11,466 INFO  - Nothing to migrate found.
2023-06-19 13:09:12,869 INFO  - Read metadata file: MetaInformation{hivemqVersion='2023.3', clientSessionPersistenceVersion='040000', queuedMessagesPersistenceVersion='040500', subscriptionPersistenceVersion='040000', retainedMessagesPersistenceVersion='040500_R', publishPayloadPersistenceVersion='040500_R', retainedMessagesPersistenceType='FILE_NATIVE', publishPayloadPersistenceType='FILE_NATIVE'}
2023-06-19 13:09:12,870 INFO  - Write metadata file: MetaInformation{hivemqVersion='2023.3', clientSessionPersistenceVersion='040000', queuedMessagesPersistenceVersion='040500', subscriptionPersistenceVersion='040000', retainedMessagesPersistenceVersion='040500_R', publishPayloadPersistenceVersion='040500_R', retainedMessagesPersistenceType='FILE_NATIVE', publishPayloadPersistenceType='FILE_NATIVE'}
2023-06-19 13:09:12,870 INFO  - Finished migration.
2023-06-19 13:41:01,825 INFO  - Checking for migrations (HiveMQ version 2023.3).
2023-06-19 13:41:01,829 INFO  - Read metadata file: MetaInformation{hivemqVersion='2023.3', clientSessionPersistenceVersion='040000', queuedMessagesPersistenceVersion='040500', subscriptionPersistenceVersion='040000', retainedMessagesPersistenceVersion='040500_R', publishPayloadPersistenceVersion='040500_R', retainedMessagesPersistenceType='FILE_NATIVE', publishPayloadPersistenceType='FILE_NATIVE'}
2023-06-19 13:41:01,854 INFO  - Nothing to migrate found.
2023-06-19 13:41:01,854 INFO  - Checking for value migrations (HiveMQ version 2023.3).
2023-06-19 13:41:01,855 INFO  - Read metadata file: MetaInformation{hivemqVersion='2023.3', clientSessionPersistenceVersion='040000', queuedMessagesPersistenceVersion='040500', subscriptionPersistenceVersion='040000', retainedMessagesPersistenceVersion='040500_R', publishPayloadPersistenceVersion='040500_R', retainedMessagesPersistenceType='FILE_NATIVE', publishPayloadPersistenceType='FILE_NATIVE'}
2023-06-19 13:41:01,855 INFO  - Nothing to migrate found.
2023-06-19 13:41:03,323 INFO  - Read metadata file: MetaInformation{hivemqVersion='2023.3', clientSessionPersistenceVersion='040000', queuedMessagesPersistenceVersion='040500', subscriptionPersistenceVersion='040000', retainedMessagesPersistenceVersion='040500_R', publishPayloadPersistenceVersion='040500_R', retainedMessagesPersistenceType='FILE_NATIVE', publishPayloadPersistenceType='FILE_NATIVE'}
2023-06-19 13:41:03,325 INFO  - Write metadata file: MetaInformation{hivemqVersion='2023.3', clientSessionPersistenceVersion='040000', queuedMessagesPersistenceVersion='040500', subscriptionPersistenceVersion='040000', retainedMessagesPersistenceVersion='040500_R', publishPayloadPersistenceVersion='040500_R', retainedMessagesPersistenceType='FILE_NATIVE', publishPayloadPersistenceType='FILE_NATIVE'}
2023-06-19 13:41:03,325 INFO  - Finished migration.
2023-06-19 14:46:48,377 INFO  - Checking for migrations (HiveMQ version 2023.3).
2023-06-19 14:46:48,381 INFO  - Read metadata file: MetaInformation{hivemqVersion='2023.3', clientSessionPersistenceVersion='040000', queuedMessagesPersistenceVersion='040500', subscriptionPersistenceVersion='040000', retainedMessagesPersistenceVersion='040500_R', publishPayloadPersistenceVersion='040500_R', retainedMessagesPersistenceType='FILE_NATIVE', publishPayloadPersistenceType='FILE_NATIVE'}
2023-06-19 14:46:48,407 INFO  - Nothing to migrate found.
2023-06-19 14:46:48,407 INFO  - Checking for value migrations (HiveMQ version 2023.3).
2023-06-19 14:46:48,408 INFO  - Read metadata file: MetaInformation{hivemqVersion='2023.3', clientSessionPersistenceVersion='040000', queuedMessagesPersistenceVersion='040500', subscriptionPersistenceVersion='040000', retainedMessagesPersistenceVersion='040500_R', publishPayloadPersistenceVersion='040500_R', retainedMessagesPersistenceType='FILE_NATIVE', publishPayloadPersistenceType='FILE_NATIVE'}
2023-06-19 14:46:48,408 INFO  - Nothing to migrate found.
2023-06-19 14:46:49,916 INFO  - Read metadata file: MetaInformation{hivemqVersion='2023.3', clientSessionPersistenceVersion='040000', queuedMessagesPersistenceVersion='040500', subscriptionPersistenceVersion='040000', retainedMessagesPersistenceVersion='040500_R', publishPayloadPersistenceVersion='040500_R', retainedMessagesPersistenceType='FILE_NATIVE', publishPayloadPersistenceType='FILE_NATIVE'}
2023-06-19 14:46:49,917 INFO  - Write metadata file: MetaInformation{hivemqVersion='2023.3', clientSessionPersistenceVersion='040000', queuedMessagesPersistenceVersion='040500', subscriptionPersistenceVersion='040000', retainedMessagesPersistenceVersion='040500_R', publishPayloadPersistenceVersion='040500_R', retainedMessagesPersistenceType='FILE_NATIVE', publishPayloadPersistenceType='FILE_NATIVE'}
2023-06-19 14:46:49,917 INFO  - Finished migration.
2023-06-19 15:21:06,686 INFO  - Checking for migrations (HiveMQ version 2023.3).
2023-06-19 15:21:06,693 INFO  - Read metadata file: MetaInformation{hivemqVersion='2023.3', clientSessionPersistenceVersion='040000', queuedMessagesPersistenceVersion='040500', subscriptionPersistenceVersion='040000', retainedMessagesPersistenceVersion='040500_R', publishPayloadPersistenceVersion='040500_R', retainedMessagesPersistenceType='FILE_NATIVE', publishPayloadPersistenceType='FILE_NATIVE'}
2023-06-19 15:21:06,709 INFO  - Nothing to migrate found.
2023-06-19 15:21:06,709 INFO  - Checking for value migrations (HiveMQ version 2023.3).
2023-06-19 15:21:06,709 INFO  - Read metadata file: MetaInformation{hivemqVersion='2023.3', clientSessionPersistenceVersion='040000', queuedMessagesPersistenceVersion='040500', subscriptionPersistenceVersion='040000', retainedMessagesPersistenceVersion='040500_R', publishPayloadPersistenceVersion='040500_R', retainedMessagesPersistenceType='FILE_NATIVE', publishPayloadPersistenceType='FILE_NATIVE'}
2023-06-19 15:21:06,710 INFO  - Nothing to migrate found.
2023-06-19 15:21:08,258 INFO  - Read metadata file: MetaInformation{hivemqVersion='2023.3', clientSessionPersistenceVersion='040000', queuedMessagesPersistenceVersion='040500', subscriptionPersistenceVersion='040000', retainedMessagesPersistenceVersion='040500_R', publishPayloadPersistenceVersion='040500_R', retainedMessagesPersistenceType='FILE_NATIVE', publishPayloadPersistenceType='FILE_NATIVE'}
2023-06-19 15:21:08,259 INFO  - Write metadata file: MetaInformation{hivemqVersion='2023.3', clientSessionPersistenceVersion='040000', queuedMessagesPersistenceVersion='040500', subscriptionPersistenceVersion='040000', retainedMessagesPersistenceVersion='040500_R', publishPayloadPersistenceVersion='040500_R', retainedMessagesPersistenceType='FILE_NATIVE', publishPayloadPersistenceType='FILE_NATIVE'}
2023-06-19 15:21:08,259 INFO  - Finished migration.
2023-06-21 18:37:00,436 INFO  - Checking for migrations (HiveMQ version 2023.3).
2023-06-21 18:37:00,441 INFO  - Read metadata file: MetaInformation{hivemqVersion='2023.3', clientSessionPersistenceVersion='040000', queuedMessagesPersistenceVersion='040500', subscriptionPersistenceVersion='040000', retainedMessagesPersistenceVersion='040500_R', publishPayloadPersistenceVersion='040500_R', retainedMessagesPersistenceType='FILE_NATIVE', publishPayloadPersistenceType='FILE_NATIVE'}
2023-06-21 18:37:00,462 INFO  - Nothing to migrate found.
2023-06-21 18:37:00,462 INFO  - Checking for value migrations (HiveMQ version 2023.3).
2023-06-21 18:37:00,462 INFO  - Read metadata file: MetaInformation{hivemqVersion='2023.3', clientSessionPersistenceVersion='040000', queuedMessagesPersistenceVersion='040500', subscriptionPersistenceVersion='040000', retainedMessagesPersistenceVersion='040500_R', publishPayloadPersistenceVersion='040500_R', retainedMessagesPersistenceType='FILE_NATIVE', publishPayloadPersistenceType='FILE_NATIVE'}
2023-06-21 18:37:00,462 INFO  - Nothing to migrate found.
2023-06-21 18:37:02,049 INFO  - Read metadata file: MetaInformation{hivemqVersion='2023.3', clientSessionPersistenceVersion='040000', queuedMessagesPersistenceVersion='040500', subscriptionPersistenceVersion='040000', retainedMessagesPersistenceVersion='040500_R', publishPayloadPersistenceVersion='040500_R', retainedMessagesPersistenceType='FILE_NATIVE', publishPayloadPersistenceType='FILE_NATIVE'}
2023-06-21 18:37:02,050 INFO  - Write metadata file: MetaInformation{hivemqVersion='2023.3', clientSessionPersistenceVersion='040000', queuedMessagesPersistenceVersion='040500', subscriptionPersistenceVersion='040000', retainedMessagesPersistenceVersion='040500_R', publishPayloadPersistenceVersion='040500_R', retainedMessagesPersistenceType='FILE_NATIVE', publishPayloadPersistenceType='FILE_NATIVE'}
2023-06-21 18:37:02,050 INFO  - Finished migration.
2023-06-21 18:38:22,357 INFO  - Checking for migrations (HiveMQ version 2023.3).
2023-06-21 18:38:22,360 INFO  - Read metadata file: MetaInformation{hivemqVersion='2023.3', clientSessionPersistenceVersion='040000', queuedMessagesPersistenceVersion='040500', subscriptionPersistenceVersion='040000', retainedMessagesPersistenceVersion='040500_R', publishPayloadPersistenceVersion='040500_R', retainedMessagesPersistenceType='FILE_NATIVE', publishPayloadPersistenceType='FILE_NATIVE'}
2023-06-21 18:38:22,378 INFO  - Nothing to migrate found.
2023-06-21 18:38:22,378 INFO  - Checking for value migrations (HiveMQ version 2023.3).
2023-06-21 18:38:22,378 INFO  - Read metadata file: MetaInformation{hivemqVersion='2023.3', clientSessionPersistenceVersion='040000', queuedMessagesPersistenceVersion='040500', subscriptionPersistenceVersion='040000', retainedMessagesPersistenceVersion='040500_R', publishPayloadPersistenceVersion='040500_R', retainedMessagesPersistenceType='FILE_NATIVE', publishPayloadPersistenceType='FILE_NATIVE'}
2023-06-21 18:38:22,378 INFO  - Nothing to migrate found.
2023-06-21 18:38:23,926 INFO  - Read metadata file: MetaInformation{hivemqVersion='2023.3', clientSessionPersistenceVersion='040000', queuedMessagesPersistenceVersion='040500', subscriptionPersistenceVersion='040000', retainedMessagesPersistenceVersion='040500_R', publishPayloadPersistenceVersion='040500_R', retainedMessagesPersistenceType='FILE_NATIVE', publishPayloadPersistenceType='FILE_NATIVE'}
2023-06-21 18:38:23,927 INFO  - Write metadata file: MetaInformation{hivemqVersion='2023.3', clientSessionPersistenceVersion='040000', queuedMessagesPersistenceVersion='040500', subscriptionPersistenceVersion='040000', retainedMessagesPersistenceVersion='040500_R', publishPayloadPersistenceVersion='040500_R', retainedMessagesPersistenceType='FILE_NATIVE', publishPayloadPersistenceType='FILE_NATIVE'}
2023-06-21 18:38:23,927 INFO  - Finished migration.
2023-06-23 15:17:03,893 INFO  - Checking for migrations (HiveMQ version 2023.3).
2023-06-23 15:17:03,899 INFO  - Read metadata file: MetaInformation{hivemqVersion='2023.3', clientSessionPersistenceVersion='040000', queuedMessagesPersistenceVersion='040500', subscriptionPersistenceVersion='040000', retainedMessagesPersistenceVersion='040500_R', publishPayloadPersistenceVersion='040500_R', retainedMessagesPersistenceType='FILE_NATIVE', publishPayloadPersistenceType='FILE_NATIVE'}
2023-06-23 15:17:03,922 INFO  - Nothing to migrate found.
2023-06-23 15:17:03,922 INFO  - Checking for value migrations (HiveMQ version 2023.3).
2023-06-23 15:17:03,923 INFO  - Read metadata file: MetaInformation{hivemqVersion='2023.3', clientSessionPersistenceVersion='040000', queuedMessagesPersistenceVersion='040500', subscriptionPersistenceVersion='040000', retainedMessagesPersistenceVersion='040500_R', publishPayloadPersistenceVersion='040500_R', retainedMessagesPersistenceType='FILE_NATIVE', publishPayloadPersistenceType='FILE_NATIVE'}
2023-06-23 15:17:03,923 INFO  - Nothing to migrate found.
2023-06-23 15:17:05,697 INFO  - Read metadata file: MetaInformation{hivemqVersion='2023.3', clientSessionPersistenceVersion='040000', queuedMessagesPersistenceVersion='040500', subscriptionPersistenceVersion='040000', retainedMessagesPersistenceVersion='040500_R', publishPayloadPersistenceVersion='040500_R', retainedMessagesPersistenceType='FILE_NATIVE', publishPayloadPersistenceType='FILE_NATIVE'}
2023-06-23 15:17:05,698 INFO  - Write metadata file: MetaInformation{hivemqVersion='2023.3', clientSessionPersistenceVersion='040000', queuedMessagesPersistenceVersion='040500', subscriptionPersistenceVersion='040000', retainedMessagesPersistenceVersion='040500_R', publishPayloadPersistenceVersion='040500_R', retainedMessagesPersistenceType='FILE_NATIVE', publishPayloadPersistenceType='FILE_NATIVE'}
2023-06-23 15:17:05,698 INFO  - Finished migration.
2023-07-09 13:06:53,375 INFO  - Checking for migrations (HiveMQ version 2023.3).
2023-07-09 13:06:53,382 INFO  - Read metadata file: MetaInformation{hivemqVersion='2023.3', clientSessionPersistenceVersion='040000', queuedMessagesPersistenceVersion='040500', subscriptionPersistenceVersion='040000', retainedMessagesPersistenceVersion='040500_R', publishPayloadPersistenceVersion='040500_R', retainedMessagesPersistenceType='FILE_NATIVE', publishPayloadPersistenceType='FILE_NATIVE'}
2023-07-09 13:06:53,398 INFO  - Nothing to migrate found.
2023-07-09 13:06:53,398 INFO  - Checking for value migrations (HiveMQ version 2023.3).
2023-07-09 13:06:53,399 INFO  - Read metadata file: MetaInformation{hivemqVersion='2023.3', clientSessionPersistenceVersion='040000', queuedMessagesPersistenceVersion='040500', subscriptionPersistenceVersion='040000', retainedMessagesPersistenceVersion='040500_R', publishPayloadPersistenceVersion='040500_R', retainedMessagesPersistenceType='FILE_NATIVE', publishPayloadPersistenceType='FILE_NATIVE'}
2023-07-09 13:06:53,399 INFO  - Nothing to migrate found.
2023-07-09 13:12:22,733 INFO  - Checking for migrations (HiveMQ version 2023.3).
2023-07-09 13:12:22,736 INFO  - Read metadata file: MetaInformation{hivemqVersion='2023.3', clientSessionPersistenceVersion='040000', queuedMessagesPersistenceVersion='040500', subscriptionPersistenceVersion='040000', retainedMessagesPersistenceVersion='040500_R', publishPayloadPersistenceVersion='040500_R', retainedMessagesPersistenceType='FILE_NATIVE', publishPayloadPersistenceType='FILE_NATIVE'}
2023-07-09 13:12:22,754 INFO  - Nothing to migrate found.
2023-07-09 13:12:22,754 INFO  - Checking for value migrations (HiveMQ version 2023.3).
2023-07-09 13:12:22,754 INFO  - Read metadata file: MetaInformation{hivemqVersion='2023.3', clientSessionPersistenceVersion='040000', queuedMessagesPersistenceVersion='040500', subscriptionPersistenceVersion='040000', retainedMessagesPersistenceVersion='040500_R', publishPayloadPersistenceVersion='040500_R', retainedMessagesPersistenceType='FILE_NATIVE', publishPayloadPersistenceType='FILE_NATIVE'}
2023-07-09 13:12:22,755 INFO  - Nothing to migrate found.
2023-07-09 13:29:40,592 INFO  - Checking for migrations (HiveMQ version 2023.3).
2023-07-09 13:29:40,595 INFO  - Read metadata file: MetaInformation{hivemqVersion='2023.3', clientSessionPersistenceVersion='040000', queuedMessagesPersistenceVersion='040500', subscriptionPersistenceVersion='040000', retainedMessagesPersistenceVersion='040500_R', publishPayloadPersistenceVersion='040500_R', retainedMessagesPersistenceType='FILE_NATIVE', publishPayloadPersistenceType='FILE_NATIVE'}
2023-07-09 13:29:40,612 INFO  - Nothing to migrate found.
2023-07-09 13:29:40,612 INFO  - Checking for value migrations (HiveMQ version 2023.3).
2023-07-09 13:29:40,613 INFO  - Read metadata file: MetaInformation{hivemqVersion='2023.3', clientSessionPersistenceVersion='040000', queuedMessagesPersistenceVersion='040500', subscriptionPersistenceVersion='040000', retainedMessagesPersistenceVersion='040500_R', publishPayloadPersistenceVersion='040500_R', retainedMessagesPersistenceType='FILE_NATIVE', publishPayloadPersistenceType='FILE_NATIVE'}
2023-07-09 13:29:40,613 INFO  - Nothing to migrate found.
